<?xml version="1.0" encoding="UTF-8"?>
<!-- Generated by org.testng.reporters.JUnitReportReporter -->
<testsuite skipped="0" hostname="LAPTOP-6OACLVLF" name="StepDefinitions.TestRunner" tests="1" failures="0" timestamp="2022-04-07T21:37:49 IST" time="18.622" errors="0">
  <testcase name="runScenario" time="18.622" classname="StepDefinitions.TestRunner"/>
  <system-out/>
</testsuite> <!-- StepDefinitions.TestRunner -->
